{
  "RSpec": {
    "coverage": {
      "/home/frunez/Makers_Academy/devine/spec/rails_helper.rb": [
        null,
        1,
        1,
        null,
        1,
        1,
        1,
        1,
        1,
        null,
        1,
        1,
        null,
        1,
        null,
        null,
        null,
        null,
        null,
        1,
        null,
        null,
        null,
        1,
        null,
        null,
        null,
        null,
        null,
        null,
        null,
        null,
        null,
        null,
        null,
        null,
        null,
        null,
        null,
        null,
        null,
        7,
        null,
        null,
        null,
        1,
        null,
        1,
        null,
        null,
        1,
        null,
        null,
        null,
        null,
        1,
        null,
        null,
        null,
        null,
        null,
        null,
        null,
        null,
        null,
        null,
        null,
        null,
        null,
        null,
        1,
        null,
        null,
        1,
        null,
        null,
        null
      ],
      "/home/frunez/Makers_Academy/devine/config/environment.rb": [
        null,
        1,
        null,
        null,
        null,
        1
      ],
      "/home/frunez/Makers_Academy/devine/config/application.rb": [
        1,
        null,
        1,
        null,
        null,
        null,
        1,
        null,
        1,
        1,
        null,
        1,
        1,
        null,
        null,
        null,
        null,
        null,
        null,
        1,
        null,
        null,
        1,
        1,
        1,
        1,
        null,
        null,
        null,
        null,
        null,
        null,
        null,
        null,
        null,
        null,
        null,
        null,
        null,
        null,
        1,
        null,
        null
      ],
      "/home/frunez/Makers_Academy/devine/config/boot.rb": [
        1,
        null,
        1
      ],
      "/home/frunez/Makers_Academy/devine/config/environments/test.rb": [
        1,
        null,
        null,
        null,
        null,
        null,
        null,
        null,
        1,
        null,
        null,
        null,
        null,
        1,
        null,
        null,
        1,
        1,
        null,
        null,
        1,
        1,
        null,
        null,
        1,
        null,
        null,
        1,
        null,
        null,
        null,
        null,
        1,
        null,
        null,
        1,
        null,
        null,
        1,
        null,
        null,
        null,
        null
      ],
      "/home/frunez/Makers_Academy/devine/config/initializers/assets.rb": [
        null,
        null,
        null,
        1,
        null,
        null,
        null,
        null,
        null,
        null,
        null
      ],
      "/home/frunez/Makers_Academy/devine/config/initializers/backtrace_silencers.rb": [
        null,
        null,
        null,
        null,
        null,
        null,
        null
      ],
      "/home/frunez/Makers_Academy/devine/config/initializers/cookies_serializer.rb": [
        null,
        null,
        1
      ],
      "/home/frunez/Makers_Academy/devine/config/initializers/filter_parameter_logging.rb": [
        null,
        null,
        null,
        1
      ],
      "/home/frunez/Makers_Academy/devine/config/initializers/friendly_id.rb": [
        null,
        null,
        null,
        null,
        null,
        null,
        null,
        null,
        null,
        null,
        null,
        1,
        null,
        null,
        null,
        null,
        1,
        null,
        1,
        null,
        null,
        null,
        null,
        null,
        null,
        null,
        null,
        null,
        null,
        null,
        null,
        null,
        null,
        null,
        null,
        null,
        null,
        null,
        null,
        null,
        null,
        null,
        null,
        null,
        null,
        null,
        null,
        null,
        null,
        null,
        null,
        null,
        null,
        null,
        null,
        null,
        null,
        null,
        null,
        null,
        null,
        null,
        null,
        null,
        null,
        null,
        null,
        null,
        null,
        null,
        null,
        1,
        1,
        0,
        null,
        null,
        null,
        null,
        null,
        null,
        null,
        null,
        null,
        null,
        null,
        null,
        null,
        null
      ],
      "/home/frunez/Makers_Academy/devine/config/initializers/inflections.rb": [
        null,
        null,
        null,
        null,
        null,
        null,
        null,
        null,
        null,
        null,
        null,
        null,
        null,
        null,
        null,
        null
      ],
      "/home/frunez/Makers_Academy/devine/config/initializers/mailboxer.rb": [
        1,
        null,
        null,
        1,
        null,
        null,
        1,
        null,
        null,
        1,
        1,
        null,
        null,
        null,
        1,
        1,
        null,
        null,
        1,
        1,
        null
      ],
      "/home/frunez/Makers_Academy/devine/config/initializers/mime_types.rb": [
        null,
        null,
        null,
        null
      ],
      "/home/frunez/Makers_Academy/devine/config/initializers/octokit.rb": [
        1,
        1,
        1,
        null
      ],
      "/home/frunez/Makers_Academy/devine/config/initializers/omniauth.rb": [
        null,
        null,
        null,
        1,
        1,
        null,
        1,
        1,
        1,
        null,
        null
      ],
      "/home/frunez/Makers_Academy/devine/config/initializers/session_store.rb": [
        null,
        null,
        1
      ],
      "/home/frunez/Makers_Academy/devine/config/initializers/simple_form.rb": [
        null,
        1,
        null,
        null,
        null,
        null,
        null,
        1,
        null,
        null,
        null,
        null,
        null,
        null,
        null,
        null,
        null,
        1,
        null,
        null,
        null,
        1,
        null,
        null,
        null,
        null,
        null,
        null,
        null,
        null,
        1,
        null,
        null,
        1,
        null,
        null,
        1,
        null,
        null,
        1,
        null,
        null,
        1,
        1,
        1,
        null,
        null,
        null,
        null,
        null,
        null,
        null,
        null,
        null,
        1,
        null,
        null,
        null,
        null,
        null,
        1,
        null,
        null,
        1,
        null,
        null,
        null,
        null,
        null,
        null,
        null,
        1,
        null,
        null,
        1,
        null,
        null,
        null,
        null,
        null,
        null,
        null,
        null,
        null,
        null,
        null,
        null,
        null,
        null,
        null,
        null,
        null,
        null,
        null,
        null,
        null,
        null,
        null,
        null,
        null,
        null,
        null,
        null,
        null,
        null,
        null,
        null,
        null,
        null,
        null,
        null,
        null,
        null,
        null,
        null,
        null,
        null,
        null,
        null,
        1,
        null,
        null,
        null,
        null,
        null,
        null,
        null,
        null,
        null,
        null,
        null,
        null,
        null,
        null,
        null,
        null,
        null,
        null,
        null,
        null,
        null,
        null,
        null,
        null,
        null,
        null,
        null,
        null,
        null,
        null,
        null,
        null,
        null,
        null,
        null,
        null,
        1,
        null,
        null,
        null,
        null,
        null,
        null,
        null,
        null
      ],
      "/home/frunez/Makers_Academy/devine/config/initializers/simple_form_bootstrap.rb": [
        null,
        1,
        1,
        1,
        1,
        null,
        1,
        1,
        1,
        1,
        1,
        1,
        1,
        1,
        null,
        1,
        1,
        1,
        null,
        null,
        1,
        1,
        1,
        1,
        1,
        1,
        null,
        1,
        1,
        1,
        null,
        null,
        1,
        1,
        1,
        null,
        1,
        1,
        null,
        null,
        1,
        1,
        null,
        null,
        1,
        1,
        1,
        1,
        1,
        1,
        1,
        null,
        null,
        1,
        1,
        1,
        1,
        1,
        1,
        1,
        1,
        null,
        1,
        1,
        1,
        1,
        null,
        null,
        null,
        1,
        1,
        1,
        1,
        1,
        1,
        null,
        1,
        1,
        1,
        1,
        null,
        null,
        null,
        1,
        1,
        1,
        null,
        1,
        1,
        1,
        null,
        null,
        1,
        1,
        null,
        null,
        null,
        1,
        1,
        1,
        null,
        1,
        null,
        1,
        1,
        1,
        1,
        null,
        null,
        null,
        1,
        1,
        1,
        1,
        1,
        1,
        1,
        1,
        null,
        1,
        1,
        1,
        null,
        null,
        1,
        1,
        1,
        1,
        1,
        1,
        1,
        1,
        null,
        null,
        null,
        null,
        null,
        null,
        1,
        1,
        null,
        null,
        null,
        null,
        null,
        null,
        null,
        null,
        null
      ],
      "/home/frunez/Makers_Academy/devine/config/initializers/wrap_parameters.rb": [
        null,
        null,
        null,
        null,
        null,
        null,
        1,
        1,
        null,
        null,
        null,
        null,
        null,
        null
      ],
      "/home/frunez/Makers_Academy/devine/spec/factories/github_profiles.rb": [
        1,
        1,
        1,
        1,
        1,
        1,
        1,
        1,
        1,
        1,
        1,
        1,
        1,
        1,
        null,
        null
      ],
      "/home/frunez/Makers_Academy/devine/spec/factories/projects.rb": [
        1,
        1,
        1,
        1,
        null,
        null
      ],
      "/home/frunez/Makers_Academy/devine/spec/factories/users.rb": [
        1,
        1,
        1,
        1,
        null,
        null
      ],
      "/home/frunez/Makers_Academy/devine/config/routes.rb": [
        1,
        1,
        1,
        1,
        1,
        1,
        1,
        1,
        1,
        null,
        1,
        1,
        null,
        null,
        1,
        1,
        1,
        1,
        1,
        1,
        null
      ],
      "/home/frunez/Makers_Academy/devine/app/helpers/application_helper.rb": [
        1,
        null,
        1,
        40,
        null,
        null,
        1,
        13,
        null,
        null
      ],
      "/home/frunez/Makers_Academy/devine/app/helpers/conversations_helper.rb": [
        1,
        1,
        27,
        27,
        27,
        null,
        null
      ],
      "/home/frunez/Makers_Academy/devine/app/helpers/github_helper.rb": [
        1,
        null
      ],
      "/home/frunez/Makers_Academy/devine/app/helpers/messages_helper.rb": [
        1,
        1,
        5,
        5,
        6,
        null,
        5,
        null,
        null,
        null,
        null,
        null,
        null,
        null,
        null,
        null,
        null
      ],
      "/home/frunez/Makers_Academy/devine/app/helpers/projects_helper.rb": [
        1,
        null
      ],
      "/home/frunez/Makers_Academy/devine/spec/support/helpers.rb": [
        1,
        null,
        1,
        1,
        1,
        1,
        null,
        1
      ],
      "/home/frunez/Makers_Academy/devine/spec/support/helpers/omniauth.rb": [
        1,
        1,
        1,
        20,
        20,
        null,
        null,
        null,
        null,
        null,
        null,
        null,
        null,
        null,
        20,
        null,
        null,
        null,
        null,
        null,
        null,
        20,
        null,
        null,
        null,
        null,
        null,
        1,
        1,
        15,
        15,
        15,
        15,
        15,
        null,
        null,
        1,
        5,
        5,
        5,
        5,
        5,
        5,
        5,
        5,
        null,
        null,
        null,
        1,
        1,
        4,
        4,
        4,
        4,
        4,
        4,
        null,
        null,
        null
      ],
      "/home/frunez/Makers_Academy/devine/spec/support/factory_girl.rb": [
        1,
        1,
        null
      ],
      "/home/frunez/Makers_Academy/devine/spec/support/capybara.rb": [
        1
      ],
      "/home/frunez/Makers_Academy/devine/spec/support/fake_github.rb": [
        1,
        null,
        1,
        null,
        1,
        7,
        null,
        null,
        1,
        5,
        null,
        null,
        1,
        null,
        1,
        12,
        12,
        12,
        null,
        null
      ],
      "/home/frunez/Makers_Academy/devine/spec/support/database_cleaner.rb": [
        1,
        1,
        1,
        null,
        null,
        1,
        30,
        null,
        null,
        1,
        0,
        null,
        null,
        1,
        30,
        null,
        null,
        1,
        30,
        null,
        null
      ],
      "/home/frunez/Makers_Academy/devine/spec/controllers/sessions_controller_spec.rb": [
        1,
        null,
        1,
        5,
        null,
        null,
        1,
        null,
        1,
        4,
        null,
        null,
        1,
        1,
        1,
        1,
        null,
        null,
        1,
        1,
        1,
        null,
        null,
        null,
        null,
        1,
        null,
        1,
        2,
        null,
        null,
        1,
        1,
        1,
        1,
        null,
        null,
        1,
        1,
        1,
        null,
        null,
        null,
        null,
        null
      ],
      "/home/frunez/Makers_Academy/devine/app/controllers/sessions_controller.rb": [
        1,
        null,
        1,
        16,
        null,
        null,
        1,
        20,
        20,
        null,
        20,
        20,
        20,
        null,
        null,
        1,
        3,
        3,
        null,
        null,
        1,
        1,
        null,
        null,
        null
      ],
      "/home/frunez/Makers_Academy/devine/app/controllers/application_controller.rb": [
        1,
        null,
        null,
        1,
        null,
        1,
        1,
        1,
        null,
        1,
        0,
        0,
        null,
        null,
        1,
        0,
        null,
        null,
        1,
        1,
        626,
        626,
        0,
        0,
        null,
        null,
        null,
        1,
        172,
        null,
        null,
        1,
        0,
        0,
        0,
        null,
        null,
        null,
        1,
        45,
        0,
        null,
        null,
        null,
        null
      ],
      "/home/frunez/Makers_Academy/devine/spec/features/messaging/mailbox_spec.rb": [
        1,
        null,
        1,
        1,
        1,
        1,
        null,
        null,
        null,
        1,
        1,
        5,
        null,
        1,
        1,
        1,
        null,
        null,
        1,
        1,
        1,
        null,
        null,
        1,
        1,
        1,
        1,
        1,
        null,
        null,
        1,
        1,
        1,
        1,
        1,
        null,
        null,
        1,
        1,
        1,
        1,
        1,
        null,
        null,
        null,
        null,
        null
      ],
      "/home/frunez/Makers_Academy/devine/spec/features/projects/deleting_projects_spec.rb": [
        1,
        null,
        1,
        null,
        1,
        1,
        1,
        1,
        1,
        null,
        null,
        1,
        null,
        null,
        null,
        null,
        null,
        null,
        null,
        null,
        null,
        null,
        null,
        null,
        1,
        1,
        1,
        1,
        1,
        1,
        1,
        1,
        null,
        null,
        null,
        null
      ],
      "/home/frunez/Makers_Academy/devine/spec/features/projects/posting_project_spec.rb": [
        1,
        null,
        1,
        1,
        2,
        null,
        1,
        1,
        1,
        1,
        null,
        null,
        1,
        1,
        1,
        2,
        null,
        null,
        null
      ],
      "/home/frunez/Makers_Academy/devine/spec/features/projects/updating_project_spec.rb": [
        1,
        null,
        1,
        1,
        1,
        1,
        1,
        1,
        1,
        1,
        1,
        null,
        null,
        1,
        null,
        null,
        null,
        null,
        null,
        null,
        null,
        null,
        null,
        null,
        null,
        null,
        1,
        1,
        1,
        1,
        1,
        1,
        1,
        1,
        null,
        null,
        null
      ],
      "/home/frunez/Makers_Academy/devine/spec/features/projects/viewing_project_spec.rb": [
        1,
        null,
        1,
        1,
        1,
        1,
        1,
        1,
        1,
        1,
        null,
        null,
        null,
        null,
        1,
        1,
        null,
        1,
        1,
        1,
        1,
        1,
        1,
        1,
        1,
        1,
        null,
        null
      ],
      "/home/frunez/Makers_Academy/devine/spec/features/users/sign_in_spec.rb": [
        null,
        null,
        null,
        null,
        1,
        1,
        2,
        null,
        null,
        null,
        null,
        null,
        null,
        null,
        1,
        1,
        1,
        null,
        null,
        null,
        null,
        null,
        null,
        null,
        1,
        1,
        1,
        1,
        1,
        1,
        null,
        null,
        null
      ],
      "/home/frunez/Makers_Academy/devine/spec/features/users/sign_out_spec.rb": [
        null,
        null,
        null,
        null,
        1,
        null,
        null,
        null,
        null,
        null,
        1,
        1,
        1,
        1,
        null,
        null,
        null
      ],
      "/home/frunez/Makers_Academy/devine/spec/features/visitors/about_page_spec.rb": [
        null,
        null,
        null,
        null,
        1,
        null,
        null,
        null,
        null,
        null,
        1,
        1,
        1,
        null,
        null,
        null
      ],
      "/home/frunez/Makers_Academy/devine/spec/features/visitors/home_page_spec.rb": [
        null,
        null,
        null,
        null,
        1,
        null,
        null,
        null,
        null,
        null,
        1,
        1,
        1,
        null,
        null,
        null
      ],
      "/home/frunez/Makers_Academy/devine/spec/models/github_profile_spec.rb": [
        1,
        null,
        1,
        2,
        null
      ],
      "/home/frunez/Makers_Academy/devine/app/models/github_profile.rb": [
        1,
        1,
        null
      ],
      "/home/frunez/Makers_Academy/devine/spec/models/project_spec.rb": [
        1,
        null,
        1,
        2,
        null
      ],
      "/home/frunez/Makers_Academy/devine/app/models/project.rb": [
        1,
        1,
        1,
        1,
        1,
        null
      ],
      "/home/frunez/Makers_Academy/devine/spec/models/user_spec.rb": [
        1,
        null,
        5,
        null,
        4,
        null,
        2,
        null,
        2,
        null,
        2,
        null,
        1,
        1,
        null,
        null,
        null
      ],
      "/home/frunez/Makers_Academy/devine/app/models/user.rb": [
        1,
        1,
        1,
        1,
        null,
        1,
        20,
        20,
        20,
        20,
        20,
        null,
        null,
        20,
        null,
        20,
        null,
        null,
        1,
        20,
        null,
        null,
        null,
        null,
        null,
        null,
        null,
        null,
        null,
        null,
        null,
        null
      ],
      "/home/frunez/Makers_Academy/devine/app/controllers/projects_controller.rb": [
        1,
        1,
        null,
        1,
        47,
        null,
        null,
        1,
        5,
        null,
        null,
        1,
        5,
        5,
        5,
        5,
        5,
        null,
        0,
        null,
        null,
        null,
        1,
        7,
        7,
        7,
        null,
        null,
        1,
        1,
        null,
        null,
        1,
        1,
        1,
        1,
        1,
        1,
        null,
        0,
        0,
        null,
        null,
        null,
        1,
        1,
        1,
        1,
        1,
        1,
        null,
        0,
        0,
        null,
        null,
        null,
        1,
        null,
        1,
        6,
        null,
        null
      ],
      "/home/frunez/Makers_Academy/devine/app/controllers/conversations_controller.rb": [
        1,
        1,
        1,
        1,
        1,
        null,
        null,
        1,
        9,
        8,
        null,
        1,
        null,
        0,
        null,
        9,
        null,
        null,
        1,
        null,
        null,
        1,
        1,
        1,
        1,
        null,
        null,
        1,
        1,
        1,
        1,
        null,
        null,
        1,
        0,
        0,
        0,
        null,
        null,
        1,
        0,
        0,
        null,
        0,
        0,
        null,
        null,
        1,
        0,
        0,
        0,
        null,
        null,
        1,
        null,
        1,
        17,
        null,
        null,
        1,
        8,
        null,
        null,
        1,
        9,
        8,
        null,
        9,
        null,
        null
      ],
      "/home/frunez/Makers_Academy/devine/app/controllers/messages_controller.rb": [
        1,
        1,
        null,
        1,
        5,
        null,
        null,
        1,
        5,
        5,
        5,
        5,
        null,
        null,
        null
      ],
      "/home/frunez/Makers_Academy/devine/app/controllers/github_controller.rb": [
        1,
        1,
        1,
        null,
        1,
        5,
        5,
        null,
        null,
        null,
        null
      ]
    },
    "timestamp": 1473938039
  }
}
